0 info it worked if it ends with ok
1 verbose cli [ 'node',
1 verbose cli   '/Users/taniryosuke/.nodebrew/current/bin/npm',
1 verbose cli   'start' ]
2 info using npm@3.7.5
3 info using node@v0.12.10
4 verbose node symlink /Users/taniryosuke/.nodebrew/current/bin/node
5 verbose run-script [ 'prestart', 'start', 'poststart' ]
6 info lifecycle logtre@1.0.0~prestart: logtre@1.0.0
7 silly lifecycle logtre@1.0.0~prestart: no script for prestart, continuing
8 info lifecycle logtre@1.0.0~start: logtre@1.0.0
9 verbose lifecycle logtre@1.0.0~start: unsafe-perm in lifecycle true
10 verbose lifecycle logtre@1.0.0~start: PATH: /Users/taniryosuke/.nodebrew/node/v0.12.10/lib/node_modules/npm/bin/node-gyp-bin:/Users/taniryosuke/codes/logtre_ver2/node_modules/.bin:/Users/taniryosuke/.nodebrew/current/bin:/usr/local/sbin:/Users/taniryosuke/.pyenv/shims:/Users/taniryosuke/.nodebrew/current/bin:/Users/taniryosuke/.pyenv/bin:/usr/local/bin:/Users/taniryosuke/.composer/vendor/bin:/Users/taniryosuke/.phpenv/shims:~/.phpenv/bin:/Users/taniryosuke/.rbenv/shims:/Users/taniryosuke/.rbenv/bin:/usr/local/Cellar/autoconf/2.69/bin:/usr/local/heroku/bin:/usr/local/bin:/usr/bin:/bin:/usr/sbin:/sbin:/opt/X11/bin:/usr/local/git/bin:/Applications/XAMPP/bin
11 verbose lifecycle logtre@1.0.0~start: CWD: /Users/taniryosuke/codes/logtre_ver2
12 silly lifecycle logtre@1.0.0~start: Args: [ '-c', 'node ./public/server.js' ]
13 silly lifecycle logtre@1.0.0~start: Returned: code: 1  signal: null
14 info lifecycle logtre@1.0.0~start: Failed to exec start script
15 verbose stack Error: logtre@1.0.0 start: `node ./public/server.js`
15 verbose stack Exit status 1
15 verbose stack     at EventEmitter.<anonymous> (/Users/taniryosuke/.nodebrew/node/v0.12.10/lib/node_modules/npm/lib/utils/lifecycle.js:239:16)
15 verbose stack     at EventEmitter.emit (events.js:110:17)
15 verbose stack     at ChildProcess.<anonymous> (/Users/taniryosuke/.nodebrew/node/v0.12.10/lib/node_modules/npm/lib/utils/spawn.js:24:14)
15 verbose stack     at ChildProcess.emit (events.js:110:17)
15 verbose stack     at maybeClose (child_process.js:1016:16)
15 verbose stack     at Process.ChildProcess._handle.onexit (child_process.js:1088:5)
16 verbose pkgid logtre@1.0.0
17 verbose cwd /Users/taniryosuke/codes/logtre_ver2
18 error Darwin 14.0.0
19 error argv "node" "/Users/taniryosuke/.nodebrew/current/bin/npm" "start"
20 error node v0.12.10
21 error npm  v3.7.5
22 error code ELIFECYCLE
23 error logtre@1.0.0 start: `node ./public/server.js`
23 error Exit status 1
24 error Failed at the logtre@1.0.0 start script 'node ./public/server.js'.
24 error Make sure you have the latest version of node.js and npm installed.
24 error If you do, this is most likely a problem with the logtre package,
24 error not with npm itself.
24 error Tell the author that this fails on your system:
24 error     node ./public/server.js
24 error You can get information on how to open an issue for this project with:
24 error     npm bugs logtre
24 error Or if that isn't available, you can get their info via:
24 error     npm owner ls logtre
24 error There is likely additional logging output above.
25 verbose exit [ 1, true ]
